<?xml version="1.0" encoding="UTF-8"?>
<testng-results ignored="0" total="3" passed="3" failed="0" skipped="0">
  <reporter-output>
  </reporter-output>
  <suite started-at="2024-10-22T12:47:29 IST" name="Suite" finished-at="2024-10-22T12:47:34 IST" duration-ms="5234">
    <groups>
      <group name="cucumber">
        <method signature="AbstractTestNGCucumberTests.runScenario(io.cucumber.testng.PickleWrapper,io.cucumber.testng.FeatureWrapper)[pri:0, instance:testrunner.TestRunner$CucumberTestNGRunner@550dbc7a]" name="runScenario" class="io.cucumber.testng.AbstractTestNGCucumberTests"/>
      </group> <!-- cucumber -->
    </groups>
    <test started-at="2024-10-22T12:47:29 IST" name="Test" finished-at="2024-10-22T12:47:34 IST" duration-ms="5234">
      <class name="testrunner.TestRunner$CucumberTestNGRunner">
        <test-method is-config="true" signature="setUpClass(org.testng.ITestContext)[pri:0, instance:testrunner.TestRunner$CucumberTestNGRunner@550dbc7a]" started-at="2024-10-22T12:47:29 IST" name="setUpClass" finished-at="2024-10-22T12:47:29 IST" duration-ms="631" status="PASS">
          <params>
            <param index="0">
              <value>
                <![CDATA[org.testng.TestRunner@5f8e8a9d]]>
              </value>
            </param>
          </params>
          <reporter-output>
          </reporter-output>
        </test-method> <!-- setUpClass -->
        <test-method signature="runScenario(io.cucumber.testng.PickleWrapper,io.cucumber.testng.FeatureWrapper)[pri:0, instance:testrunner.TestRunner$CucumberTestNGRunner@550dbc7a]" started-at="2024-10-22T12:47:29 IST" name="runScenario" description="Runs Cucumber Scenarios" data-provider="scenarios" finished-at="2024-10-22T12:47:32 IST" duration-ms="2227" status="PASS">
          <params>
            <param index="0">
              <value>
                <![CDATA["To Validate the post request"]]>
              </value>
            </param>
            <param index="1">
              <value>
                <![CDATA["To Validate the C2TA API Endpoints"]]>
              </value>
            </param>
          </params>
          <reporter-output>
          </reporter-output>
        </test-method> <!-- runScenario -->
        <test-method signature="runScenario(io.cucumber.testng.PickleWrapper,io.cucumber.testng.FeatureWrapper)[pri:0, instance:testrunner.TestRunner$CucumberTestNGRunner@550dbc7a]" started-at="2024-10-22T12:47:32 IST" name="runScenario" description="Runs Cucumber Scenarios" data-provider="scenarios" finished-at="2024-10-22T12:47:33 IST" duration-ms="1332" status="PASS">
          <params>
            <param index="0">
              <value>
                <![CDATA["To Validate the get request"]]>
              </value>
            </param>
            <param index="1">
              <value>
                <![CDATA["To Validate the C2TA API Endpoints"]]>
              </value>
            </param>
          </params>
          <reporter-output>
          </reporter-output>
        </test-method> <!-- runScenario -->
        <test-method signature="runScenario(io.cucumber.testng.PickleWrapper,io.cucumber.testng.FeatureWrapper)[pri:0, instance:testrunner.TestRunner$CucumberTestNGRunner@550dbc7a]" started-at="2024-10-22T12:47:33 IST" name="runScenario" description="Runs Cucumber Scenarios" data-provider="scenarios" finished-at="2024-10-22T12:47:34 IST" duration-ms="989" status="PASS">
          <params>
            <param index="0">
              <value>
                <![CDATA["To Validate the put request"]]>
              </value>
            </param>
            <param index="1">
              <value>
                <![CDATA["To Validate the C2TA API Endpoints"]]>
              </value>
            </param>
          </params>
          <reporter-output>
          </reporter-output>
        </test-method> <!-- runScenario -->
        <test-method is-config="true" signature="tearDownClass()[pri:0, instance:testrunner.TestRunner$CucumberTestNGRunner@550dbc7a]" started-at="2024-10-22T12:47:34 IST" name="tearDownClass" finished-at="2024-10-22T12:47:34 IST" duration-ms="15" status="PASS">
          <reporter-output>
          </reporter-output>
        </test-method> <!-- tearDownClass -->
      </class> <!-- testrunner.TestRunner$CucumberTestNGRunner -->
    </test> <!-- Test -->
  </suite> <!-- Suite -->
</testng-results>
