<?xml version="1.0" encoding="UTF-8"?>
<testng-results ignored="0" total="3" passed="3" failed="0" skipped="0">
  <reporter-output>
  </reporter-output>
  <suite started-at="2025-03-12T12:38:11 IST" name="Default suite" finished-at="2025-03-12T12:38:16 IST" duration-ms="5355">
    <groups>
      <group name="cucumber">
        <method signature="AbstractTestNGCucumberTests.runScenario(io.cucumber.testng.PickleWrapper,io.cucumber.testng.FeatureWrapper)[pri:0, instance:testrunner.TestRunner$CucumberTestNGRunner@550dbc7a]" name="runScenario" class="io.cucumber.testng.AbstractTestNGCucumberTests"/>
      </group> <!-- cucumber -->
    </groups>
    <test started-at="2025-03-12T12:38:11 IST" name="Default test" finished-at="2025-03-12T12:38:16 IST" duration-ms="5355">
      <class name="testrunner.TestRunner$CucumberTestNGRunner">
        <test-method is-config="true" signature="setUpClass(org.testng.ITestContext)[pri:0, instance:testrunner.TestRunner$CucumberTestNGRunner@550dbc7a]" started-at="2025-03-12T12:38:11 IST" name="setUpClass" finished-at="2025-03-12T12:38:12 IST" duration-ms="731" status="PASS">
          <params>
            <param index="0">
              <value>
                <![CDATA[org.testng.TestRunner@3344d163]]>
              </value>
            </param>
          </params>
          <reporter-output>
          </reporter-output>
        </test-method> <!-- setUpClass -->
        <test-method signature="runScenario(io.cucumber.testng.PickleWrapper,io.cucumber.testng.FeatureWrapper)[pri:0, instance:testrunner.TestRunner$CucumberTestNGRunner@550dbc7a]" started-at="2025-03-12T12:38:12 IST" name="runScenario" description="Runs Cucumber Scenarios" data-provider="scenarios" finished-at="2025-03-12T12:38:14 IST" duration-ms="2405" status="PASS">
          <params>
            <param index="0">
              <value>
                <![CDATA["To Validate the post request"]]>
              </value>
            </param>
            <param index="1">
              <value>
                <![CDATA["To Validate the C2TA API Endpoints"]]>
              </value>
            </param>
          </params>
          <reporter-output>
          </reporter-output>
        </test-method> <!-- runScenario -->
        <test-method signature="runScenario(io.cucumber.testng.PickleWrapper,io.cucumber.testng.FeatureWrapper)[pri:0, instance:testrunner.TestRunner$CucumberTestNGRunner@550dbc7a]" started-at="2025-03-12T12:38:14 IST" name="runScenario" description="Runs Cucumber Scenarios" data-provider="scenarios" finished-at="2025-03-12T12:38:16 IST" duration-ms="1259" status="PASS">
          <params>
            <param index="0">
              <value>
                <![CDATA["To Validate the get request"]]>
              </value>
            </param>
            <param index="1">
              <value>
                <![CDATA["To Validate the C2TA API Endpoints"]]>
              </value>
            </param>
          </params>
          <reporter-output>
          </reporter-output>
        </test-method> <!-- runScenario -->
        <test-method signature="runScenario(io.cucumber.testng.PickleWrapper,io.cucumber.testng.FeatureWrapper)[pri:0, instance:testrunner.TestRunner$CucumberTestNGRunner@550dbc7a]" started-at="2025-03-12T12:38:16 IST" name="runScenario" description="Runs Cucumber Scenarios" data-provider="scenarios" finished-at="2025-03-12T12:38:16 IST" duration-ms="913" status="PASS">
          <params>
            <param index="0">
              <value>
                <![CDATA["To Validate the put request"]]>
              </value>
            </param>
            <param index="1">
              <value>
                <![CDATA["To Validate the C2TA API Endpoints"]]>
              </value>
            </param>
          </params>
          <reporter-output>
          </reporter-output>
        </test-method> <!-- runScenario -->
        <test-method is-config="true" signature="tearDownClass()[pri:0, instance:testrunner.TestRunner$CucumberTestNGRunner@550dbc7a]" started-at="2025-03-12T12:38:16 IST" name="tearDownClass" finished-at="2025-03-12T12:38:16 IST" duration-ms="18" status="PASS">
          <reporter-output>
          </reporter-output>
        </test-method> <!-- tearDownClass -->
      </class> <!-- testrunner.TestRunner$CucumberTestNGRunner -->
    </test> <!-- Default test -->
  </suite> <!-- Default suite -->
</testng-results>
